Determining if the pthread_create exist failed with the following output:
Change Dir: /home/xi/catkin_ws_second_detecter_tracker/second_ros/build/CMakeFiles/CMakeTmp

Run Build Command:"/usr/bin/make" "cmTC_4c9b4/fast"
/usr/bin/make -f CMakeFiles/cmTC_4c9b4.dir/build.make CMakeFiles/cmTC_4c9b4.dir/build
make[1]: Entering directory '/home/xi/catkin_ws_second_detecter_tracker/second_ros/build/CMakeFiles/CMakeTmp'
Building C object CMakeFiles/cmTC_4c9b4.dir/CheckSymbolExists.c.o
/usr/bin/cc     -o CMakeFiles/cmTC_4c9b4.dir/CheckSymbolExists.c.o   -c /home/xi/catkin_ws_second_detecter_tracker/second_ros/build/CMakeFiles/CMakeTmp/CheckSymbolExists.c
Linking C executable cmTC_4c9b4
/usr/local/bin/cmake -E cmake_link_script CMakeFiles/cmTC_4c9b4.dir/link.txt --verbose=1
/usr/bin/cc       CMakeFiles/cmTC_4c9b4.dir/CheckSymbolExists.c.o  -o cmTC_4c9b4 -rdynamic 
CMakeFiles/cmTC_4c9b4.dir/CheckSymbolExists.c.o: In function `main':
CheckSymbolExists.c:(.text+0x16): undefined reference to `pthread_create'
collect2: error: ld returned 1 exit status
CMakeFiles/cmTC_4c9b4.dir/build.make:97: recipe for target 'cmTC_4c9b4' failed
make[1]: *** [cmTC_4c9b4] Error 1
make[1]: Leaving directory '/home/xi/catkin_ws_second_detecter_tracker/second_ros/build/CMakeFiles/CMakeTmp'
Makefile:126: recipe for target 'cmTC_4c9b4/fast' failed
make: *** [cmTC_4c9b4/fast] Error 2

File /home/xi/catkin_ws_second_detecter_tracker/second_ros/build/CMakeFiles/CMakeTmp/CheckSymbolExists.c:
/* */
#include <pthread.h>

int main(int argc, char** argv)
{
  (void)argv;
#ifndef pthread_create
  return ((int*)(&pthread_create))[argc];
#else
  (void)argc;
  return 0;
#endif
}

Determining if the function pthread_create exists in the pthreads failed with the following output:
Change Dir: /home/xi/catkin_ws_second_detecter_tracker/second_ros/build/CMakeFiles/CMakeTmp

Run Build Command:"/usr/bin/make" "cmTC_c8b05/fast"
/usr/bin/make -f CMakeFiles/cmTC_c8b05.dir/build.make CMakeFiles/cmTC_c8b05.dir/build
make[1]: Entering directory '/home/xi/catkin_ws_second_detecter_tracker/second_ros/build/CMakeFiles/CMakeTmp'
Building C object CMakeFiles/cmTC_c8b05.dir/CheckFunctionExists.c.o
/usr/bin/cc    -DCHECK_FUNCTION_EXISTS=pthread_create   -o CMakeFiles/cmTC_c8b05.dir/CheckFunctionExists.c.o   -c /usr/local/share/cmake-3.5/Modules/CheckFunctionExists.c
Linking C executable cmTC_c8b05
/usr/local/bin/cmake -E cmake_link_script CMakeFiles/cmTC_c8b05.dir/link.txt --verbose=1
/usr/bin/cc   -DCHECK_FUNCTION_EXISTS=pthread_create    CMakeFiles/cmTC_c8b05.dir/CheckFunctionExists.c.o  -o cmTC_c8b05 -rdynamic -lpthreads 
/usr/bin/ld: cannot find -lpthreads
collect2: error: ld returned 1 exit status
CMakeFiles/cmTC_c8b05.dir/build.make:97: recipe for target 'cmTC_c8b05' failed
make[1]: *** [cmTC_c8b05] Error 1
make[1]: Leaving directory '/home/xi/catkin_ws_second_detecter_tracker/second_ros/build/CMakeFiles/CMakeTmp'
Makefile:126: recipe for target 'cmTC_c8b05/fast' failed
make: *** [cmTC_c8b05/fast] Error 2


